<?xml version="1.0" encoding="UTF-8"?>
<!-- Generated by org.testng.reporters.JUnitReportReporter -->
<testsuite hostname="DESKTOP-JRJEIR3" failures="1" tests="13" name="runner.TestRunner" time="57.567" errors="0" timestamp="2024-09-29T17:28:23 IST" skipped="0">
  <testcase classname="runner.TestRunner" name="runScenario" time="5.056"/>
  <system-out/>
  <testcase classname="runner.TestRunner" name="runScenario" time="2.998"/>
  <system-out/>
  <testcase classname="runner.TestRunner" name="runScenario" time="3.484"/>
  <system-out/>
  <testcase classname="runner.TestRunner" name="runScenario" time="4.255"/>
  <system-out/>
  <testcase classname="runner.TestRunner" name="runScenario" time="2.856">
    <failure message="null" type="java.lang.AssertionError">
      <![CDATA[java.lang.AssertionError: null
at org.testng.Assert.fail(Assert.java:110)
at org.testng.Assert.fail(Assert.java:115)
at stepDefinations.Search.user_should_get_valid_product_displayed_on_search_result(Search.java:42)
at âœ½.user should get valid product displayed on search result(file:///C:/Users/rahul/CucumberBDDHybridProject/TutorialsNinjaProjBDDCucumber/src/test/resources/features/Search.feature:7)
]]>
    </failure>
  </testcase> <!-- runScenario -->
  <system-out/>
  <testcase classname="runner.TestRunner" name="runScenario" time="4.250"/>
  <system-out/>
  <testcase classname="runner.TestRunner" name="runScenario" time="8.142"/>
  <system-out/>
  <testcase classname="runner.TestRunner" name="runScenario" time="4.940"/>
  <system-out/>
  <testcase classname="runner.TestRunner" name="runScenario" time="4.479"/>
  <system-out/>
  <testcase classname="runner.TestRunner" name="runScenario" time="4.692"/>
  <system-out/>
  <testcase classname="runner.TestRunner" name="runScenario" time="5.079"/>
  <system-out/>
  <testcase classname="runner.TestRunner" name="runScenario" time="4.791"/>
  <system-out/>
  <testcase classname="runner.TestRunner" name="runScenario" time="2.545"/>
  <system-out/>
</testsuite> <!-- runner.TestRunner -->
