<?xml version="1.0" encoding="UTF-8"?>
<!-- Generated by org.testng.reporters.JUnitReportReporter -->
<testsuite hostname="DESKTOP-JRJEIR3" failures="1" tests="13" name="runner.MyRunner" time="96.814" errors="0" timestamp="2024-09-19T18:31:28 IST" skipped="0">
  <testcase classname="runner.MyRunner" name="runScenario" time="18.661"/>
  <system-out/>
  <testcase classname="runner.MyRunner" name="runScenario" time="6.817"/>
  <system-out/>
  <testcase classname="runner.MyRunner" name="runScenario" time="9.060"/>
  <system-out/>
  <testcase classname="runner.MyRunner" name="runScenario" time="7.769"/>
  <system-out/>
  <testcase classname="runner.MyRunner" name="runScenario" time="3.957"/>
  <system-out/>
  <testcase classname="runner.MyRunner" name="runScenario" time="4.954"/>
  <system-out/>
  <testcase classname="runner.MyRunner" name="runScenario" time="6.603">
    <failure message="null" type="java.lang.AssertionError">
      <![CDATA[java.lang.AssertionError: null
at org.testng.Assert.fail(Assert.java:110)
at org.testng.Assert.fail(Assert.java:115)
at stepDefinations.Search.user_should_get_valid_product_displayed_on_search_result(Search.java:42)
at âœ½.user should get valid product displayed on search result(file:///C:/Users/rahul/CucumberBDDHybridProject/TutorialsNinjaProjBDDCucumber/src/test/resources/features/Search.feature:7)
]]>
    </failure>
  </testcase> <!-- runScenario -->
  <system-out/>
  <testcase classname="runner.MyRunner" name="runScenario" time="9.257"/>
  <system-out/>
  <testcase classname="runner.MyRunner" name="runScenario" time="5.875"/>
  <system-out/>
  <testcase classname="runner.MyRunner" name="runScenario" time="6.138"/>
  <system-out/>
  <testcase classname="runner.MyRunner" name="runScenario" time="6.026"/>
  <system-out/>
  <testcase classname="runner.MyRunner" name="runScenario" time="3.855"/>
  <system-out/>
  <testcase classname="runner.MyRunner" name="runScenario" time="7.842"/>
  <system-out/>
</testsuite> <!-- runner.MyRunner -->
